<?xml version="1.0" encoding="UTF-8"?>
<testng-results skipped="0" failed="0" total="2" passed="2">
  <reporter-output>
  </reporter-output>
  <suite name="Default suite" duration-ms="3870" started-at="2020-07-10T12:00:39Z" finished-at="2020-07-10T12:00:42Z">
    <groups>
    </groups>
    <test name="Default test" duration-ms="3870" started-at="2020-07-10T12:00:39Z" finished-at="2020-07-10T12:00:42Z">
      <class name="serializationANDdeserialization.VideoGameAPISerialization">
        <test-method status="PASS" signature="postVideoGameSerialization()[pri:1, instance:serializationANDdeserialization.VideoGameAPISerialization@29774679]" name="postVideoGameSerialization" duration-ms="3717" started-at="2020-07-10T17:30:39Z" finished-at="2020-07-10T17:30:42Z">
          <reporter-output>
          </reporter-output>
        </test-method> <!-- postVideoGameSerialization -->
        <test-method status="PASS" signature="getVideoGameSerialization()[pri:2, instance:serializationANDdeserialization.VideoGameAPISerialization@29774679]" name="getVideoGameSerialization" duration-ms="108" started-at="2020-07-10T17:30:42Z" finished-at="2020-07-10T17:30:42Z">
          <reporter-output>
          </reporter-output>
        </test-method> <!-- getVideoGameSerialization -->
      </class> <!-- serializationANDdeserialization.VideoGameAPISerialization -->
    </test> <!-- Default test -->
  </suite> <!-- Default suite -->
</testng-results>
